<?xml version="1.0" encoding="UTF-8"?>
<robot generator="Robot 7.4.1 (Python 3.14.2 on win32)" generated="2026-02-11T13:00:34.440104" rpa="false" schemaversion="5">
<suite id="s1" name="Uart Validation" source="C:\Users\a7577\Desktop\ESP32_UART_FIRMWARE_VALIDATION\uart_validation.robot">
<test id="s1-t1" name="Strict UART Firmware Validation" line="5">
<kw name="Open Ports" owner="uart_library">
<arg>COM7</arg>
<arg>115200</arg>
<status status="PASS" start="2026-02-11T13:00:34.516314" elapsed="2.085334"/>
</kw>
<kw name="Send Data" owner="uart_library">
<arg>HELLO</arg>
<status status="PASS" start="2026-02-11T13:00:36.602624" elapsed="0.001111"/>
</kw>
<kw name="Read Data" owner="uart_library">
<msg time="2026-02-11T13:00:36.606228" level="INFO">${response} = ets Jul 29 2019 12:21:46</msg>
<var>${response}</var>
<status status="PASS" start="2026-02-11T13:00:36.604426" elapsed="0.001892"/>
</kw>
<kw name="Should Not Be Empty" owner="BuiltIn">
<msg time="2026-02-11T13:00:36.607974" level="INFO">Length is 24.</msg>
<arg>${response}</arg>
<doc>Verifies that the given item is not empty.</doc>
<status status="PASS" start="2026-02-11T13:00:36.606803" elapsed="0.001311"/>
</kw>
<kw name="Close Ports" owner="uart_library">
<status status="PASS" start="2026-02-11T13:00:36.608663" elapsed="0.001281"/>
</kw>
<status status="PASS" start="2026-02-11T13:00:34.515175" elapsed="2.095326"/>
</test>
<status status="PASS" start="2026-02-11T13:00:34.442162" elapsed="2.169724"/>
</suite>
<statistics>
<total>
<stat pass="1" fail="0" skip="0">All Tests</stat>
</total>
<tag>
</tag>
<suite>
<stat name="Uart Validation" id="s1" pass="1" fail="0" skip="0">Uart Validation</stat>
</suite>
</statistics>
<errors>
</errors>
</robot>
